{
  "RSpec": {
    "coverage": {
      "/home/mint/Desktop/Aulas/app/app.rb": [
        1,
        1,
        1,
        1,
        1,
        1,
        null,
        1,
        null,
        1,
        null,
        null,
        null,
        null,
        null,
        null,
        null,
        null,
        null,
        null,
        null,
        null,
        null,
        null,
        null,
        null,
        null,
        null,
        null,
        null,
        null,
        null,
        null,
        null,
        null,
        null,
        null,
        null,
        null,
        null,
        null,
        null,
        null,
        null,
        null,
        null,
        null,
        null,
        null,
        null,
        null,
        null,
        null,
        null,
        null,
        null,
        null,
        null,
        null,
        null,
        null,
        null,
        null,
        null,
        null
      ],
      "/home/mint/Desktop/Aulas/app/models/admin.rb": [
        1,
        null,
        null,
        null
      ],
      "/home/mint/Desktop/Aulas/app/models/aula.rb": [
        1,
        1,
        null,
        null,
        1,
        1,
        1,
        1,
        1,
        1,
        1,
        1,
        null,
        1,
        1,
        null,
        null,
        null,
        null
      ],
      "/home/mint/Desktop/Aulas/app/models/docente.rb": [
        1,
        null,
        null,
        null
      ],
      "/home/mint/Desktop/Aulas/app/models/user.rb": [
        1,
        1,
        null,
        1,
        1,
        1,
        1,
        1,
        1,
        null,
        1,
        1,
        1,
        1,
        1,
        null,
        1,
        0,
        null,
        null,
        1,
        0,
        0,
        0,
        null,
        null,
        1,
        0,
        null,
        null,
        null,
        null
      ],
      "/home/mint/Desktop/Aulas/app/controllers/aulas.rb": [
        1,
        null,
        1,
        0,
        0,
        null,
        null,
        1,
        0,
        0,
        null,
        null,
        1,
        0,
        0,
        0,
        0,
        null,
        0,
        0,
        null,
        null,
        null,
        null,
        null
      ],
      "/home/mint/Desktop/Aulas/app/controllers/home.rb": [
        1,
        null,
        1,
        1,
        null,
        null,
        null
      ],
      "/home/mint/Desktop/Aulas/app/controllers/sessions.rb": [
        1,
        null,
        1,
        2,
        2,
        null,
        null,
        1,
        0,
        0,
        0,
        0,
        0,
        0,
        0,
        null,
        0,
        0,
        0,
        null,
        null,
        null,
        1,
        0,
        0,
        null,
        null,
        null
      ],
      "/home/mint/Desktop/Aulas/app/controllers/users.rb": [
        1,
        null,
        null,
        null,
        null,
        null,
        null,
        null,
        null,
        null,
        null,
        null,
        null,
        null,
        null,
        null,
        null,
        null,
        null,
        null,
        null,
        1,
        2,
        2,
        null,
        null,
        1,
        0,
        0,
        0,
        0,
        null,
        0,
        0,
        null,
        null,
        null,
        null,
        null
      ],
      "/home/mint/Desktop/Aulas/app/helpers/aulas_helper.rb": [
        null,
        null,
        1,
        null,
        null,
        null,
        null
      ],
      "/home/mint/Desktop/Aulas/app/helpers/home_helper.rb": [
        null,
        null,
        1,
        null,
        null,
        null,
        null
      ],
      "/home/mint/Desktop/Aulas/app/helpers/sessions_helper.rb": [
        1,
        null,
        1,
        0,
        null,
        null,
        1,
        3,
        null,
        null,
        1,
        0,
        0,
        null,
        null,
        1,
        0,
        null,
        null,
        1,
        3,
        null,
        null,
        1,
        1,
        0,
        null,
        null,
        null,
        null,
        null
      ],
      "/home/mint/Desktop/Aulas/app/helpers/users_helper.rb": [
        null,
        null,
        1,
        null,
        null,
        null,
        null
      ]
    },
    "timestamp": 1384118201
  },
  "Cucumber Features": {
    "coverage": {
      "/home/mint/Desktop/Aulas/app/controllers/aulas.rb": [
        1,
        null,
        1,
        3,
        3,
        null,
        null,
        1,
        2,
        2,
        null,
        null,
        1,
        2,
        2,
        1,
        1,
        null,
        1,
        1,
        null,
        null,
        null,
        null,
        null
      ],
      "/home/mint/Desktop/Aulas/app/controllers/home.rb": [
        1,
        null,
        1,
        9,
        null,
        null,
        null
      ],
      "/home/mint/Desktop/Aulas/app/controllers/sessions.rb": [
        1,
        null,
        1,
        8,
        8,
        null,
        null,
        1,
        8,
        8,
        8,
        8,
        1,
        1,
        1,
        null,
        7,
        7,
        7,
        null,
        null,
        null,
        1,
        0,
        0,
        null,
        null,
        null
      ],
      "/home/mint/Desktop/Aulas/app/controllers/users.rb": [
        1,
        null,
        null,
        null,
        null,
        null,
        null,
        null,
        null,
        null,
        null,
        null,
        null,
        null,
        null,
        null,
        null,
        null,
        null,
        null,
        null,
        1,
        1,
        1,
        null,
        null,
        1,
        1,
        1,
        0,
        0,
        null,
        1,
        1,
        null,
        null,
        null,
        null,
        null
      ],
      "/home/mint/Desktop/Aulas/app/helpers/aulas_helper.rb": [
        null,
        null,
        1,
        null,
        null,
        null,
        null
      ],
      "/home/mint/Desktop/Aulas/app/helpers/home_helper.rb": [
        null,
        null,
        1,
        null,
        null,
        null,
        null
      ],
      "/home/mint/Desktop/Aulas/app/helpers/sessions_helper.rb": [
        1,
        null,
        1,
        7,
        null,
        null,
        1,
        108,
        null,
        null,
        1,
        7,
        7,
        null,
        null,
        1,
        0,
        null,
        null,
        1,
        78,
        null,
        null,
        1,
        26,
        15,
        null,
        null,
        null,
        null,
        null
      ],
      "/home/mint/Desktop/Aulas/app/helpers/users_helper.rb": [
        null,
        null,
        1,
        null,
        null,
        null,
        null
      ]
    },
    "timestamp": 1384118208
  }
}
