{
  "RSpec": {
    "coverage": {
      "/home/mint/Desktop/Aulas/app/app.rb": [
        1,
        1,
        1,
        1,
        1,
        1,
        null,
        1,
        null,
        1,
        null,
        null,
        null,
        null,
        null,
        null,
        null,
        null,
        null,
        null,
        null,
        null,
        null,
        null,
        null,
        null,
        null,
        null,
        null,
        null,
        null,
        null,
        null,
        null,
        null,
        null,
        null,
        null,
        null,
        null,
        null,
        null,
        null,
        null,
        null,
        null,
        null,
        null,
        null,
        null,
        null,
        null,
        null,
        null,
        null,
        null,
        null,
        null,
        null,
        null,
        null,
        null,
        null,
        null,
        null
      ],
      "/home/mint/Desktop/Aulas/app/models/admin.rb": [
        1,
        null,
        null,
        null
      ],
      "/home/mint/Desktop/Aulas/app/models/aula.rb": [
        1,
        1,
        null,
        null,
        1,
        1,
        1,
        1,
        1,
        1,
        1,
        1,
        null,
        1,
        1,
        null,
        null,
        null,
        null
      ],
      "/home/mint/Desktop/Aulas/app/models/docente.rb": [
        1,
        null,
        null,
        null
      ],
      "/home/mint/Desktop/Aulas/app/models/user.rb": [
        1,
        1,
        null,
        1,
        1,
        1,
        1,
        1,
        1,
        null,
        1,
        1,
        1,
        1,
        1,
        null,
        1,
        0,
        null,
        null,
        1,
        0,
        0,
        0,
        null,
        null,
        1,
        0,
        null,
        null,
        null,
        null
      ],
      "/home/mint/Desktop/Aulas/app/controllers/aulas.rb": [
        1,
        null,
        1,
        0,
        0,
        null,
        null,
        1,
        0,
        0,
        null,
        null,
        1,
        0,
        0,
        0,
        0,
        null,
        0,
        0,
        null,
        null,
        null,
        null,
        null
      ],
      "/home/mint/Desktop/Aulas/app/controllers/home.rb": [
        1,
        null,
        1,
        1,
        null,
        null,
        null
      ],
      "/home/mint/Desktop/Aulas/app/controllers/sessions.rb": [
        1,
        null,
        1,
        2,
        2,
        null,
        null,
        1,
        0,
        0,
        0,
        0,
        0,
        0,
        0,
        null,
        0,
        0,
        0,
        null,
        null,
        null,
        1,
        0,
        0,
        null,
        null,
        null
      ],
      "/home/mint/Desktop/Aulas/app/controllers/users.rb": [
        1,
        null,
        null,
        null,
        null,
        null,
        null,
        null,
        null,
        null,
        null,
        null,
        null,
        null,
        null,
        null,
        null,
        null,
        null,
        null,
        null,
        1,
        2,
        2,
        null,
        null,
        1,
        0,
        0,
        0,
        0,
        0,
        0,
        null,
        0,
        0,
        null,
        null,
        null,
        null,
        null
      ],
      "/home/mint/Desktop/Aulas/app/helpers/aulas_helper.rb": [
        null,
        null,
        1,
        null,
        null,
        null,
        null
      ],
      "/home/mint/Desktop/Aulas/app/helpers/home_helper.rb": [
        null,
        null,
        1,
        null,
        null,
        null,
        null
      ],
      "/home/mint/Desktop/Aulas/app/helpers/sessions_helper.rb": [
        1,
        null,
        1,
        0,
        null,
        null,
        1,
        3,
        null,
        null,
        1,
        0,
        0,
        null,
        null,
        1,
        0,
        null,
        null,
        1,
        3,
        null,
        null,
        1,
        1,
        0,
        null,
        null,
        null,
        null,
        null
      ],
      "/home/mint/Desktop/Aulas/app/helpers/users_helper.rb": [
        null,
        null,
        1,
        null,
        null,
        null,
        null
      ]
    },
    "timestamp": 1384122144
  },
  "Cucumber Features": {
    "coverage": {
      "/home/mint/Desktop/Aulas/app/controllers/aulas.rb": [
        1,
        null,
        1,
        3,
        3,
        null,
        null,
        1,
        2,
        2,
        null,
        null,
        1,
        2,
        2,
        1,
        1,
        null,
        1,
        1,
        null,
        null,
        null,
        null,
        null
      ],
      "/home/mint/Desktop/Aulas/app/controllers/home.rb": [
        1,
        null,
        1,
        11,
        null,
        null,
        null
      ],
      "/home/mint/Desktop/Aulas/app/controllers/sessions.rb": [
        1,
        null,
        1,
        9,
        9,
        null,
        null,
        1,
        9,
        9,
        9,
        9,
        1,
        1,
        1,
        null,
        8,
        8,
        8,
        null,
        null,
        null,
        1,
        0,
        0,
        null,
        null,
        null
      ],
      "/home/mint/Desktop/Aulas/app/controllers/users.rb": [
        1,
        null,
        null,
        null,
        null,
        null,
        null,
        null,
        null,
        null,
        null,
        null,
        null,
        null,
        null,
        null,
        null,
        null,
        null,
        null,
        null,
        1,
        2,
        2,
        null,
        null,
        1,
        2,
        2,
        2,
        2,
        1,
        1,
        null,
        1,
        1,
        null,
        null,
        null,
        null,
        null
      ],
      "/home/mint/Desktop/Aulas/app/helpers/aulas_helper.rb": [
        null,
        null,
        1,
        null,
        null,
        null,
        null
      ],
      "/home/mint/Desktop/Aulas/app/helpers/home_helper.rb": [
        null,
        null,
        1,
        null,
        null,
        null,
        null
      ],
      "/home/mint/Desktop/Aulas/app/helpers/sessions_helper.rb": [
        1,
        null,
        1,
        8,
        null,
        null,
        1,
        126,
        null,
        null,
        1,
        8,
        8,
        null,
        null,
        1,
        0,
        null,
        null,
        1,
        90,
        null,
        null,
        1,
        30,
        18,
        null,
        null,
        null,
        null,
        null
      ],
      "/home/mint/Desktop/Aulas/app/helpers/users_helper.rb": [
        null,
        null,
        1,
        null,
        null,
        null,
        null
      ]
    },
    "timestamp": 1384122151
  }
}
